2021-11-04 09:01:40,890 [main] INFO  [c.x.log.aop.SpringBootDemoLogAopApplicationTests] StartupInfoLogger.java:55 - Starting SpringBootDemoLogAopApplicationTests using Java 16.0.2 on LAPTOP-5HBODS5U with PID 25312 (started by baiyuqi in D:\java-enterprise-course\course-space\cource-jee\chapter6-aop)
2021-11-04 09:01:40,893 [main] INFO  [c.x.log.aop.SpringBootDemoLogAopApplicationTests] SpringApplication.java:659 - No active profile set, falling back to default profiles: default
2021-11-04 09:01:43,765 [main] INFO  [c.x.log.aop.SpringBootDemoLogAopApplicationTests] StartupInfoLogger.java:61 - Started SpringBootDemoLogAopApplicationTests in 3.415 seconds (JVM running for 5.072)
2021-11-04 09:24:53,631 [main] INFO  [c.x.log.aop.SpringBootDemoLogAopApplicationTests] StartupInfoLogger.java:55 - Starting SpringBootDemoLogAopApplicationTests using Java 16.0.2 on LAPTOP-5HBODS5U with PID 25420 (started by baiyuqi in D:\java-enterprise-course\course-space\cource-jee\chapter6-aop)
2021-11-04 09:24:53,634 [main] INFO  [c.x.log.aop.SpringBootDemoLogAopApplicationTests] SpringApplication.java:659 - No active profile set, falling back to default profiles: default
2021-11-04 09:24:56,104 [main] INFO  [c.x.log.aop.SpringBootDemoLogAopApplicationTests] StartupInfoLogger.java:61 - Started SpringBootDemoLogAopApplicationTests in 2.958 seconds (JVM running for 4.182)
2021-11-04 09:32:50,067 [main] INFO  [com.hbpvu.jec.log.aop.aspectj.AopLog] AopLog.java:91 - Request Log Info : {"classMethod":"com.hbpvu.jec.log.aop.controller.TestController.test","os":"UNKNOWN","ip":"192.168.124.6","requestParams":{"who":"hhh"},"httpMethod":"","threadName":"main","url":"http://localhost","threadId":"1","result":{"who":"hhh"},"browser":"UNKNOWN","timeCost":123817}
2021-11-04 09:34:35,186 [main] INFO  [c.h.jec.log.aop.SpringBootDemoLogAopApplication] StartupInfoLogger.java:55 - Starting SpringBootDemoLogAopApplication using Java 16.0.2 on LAPTOP-5HBODS5U with PID 24116 (D:\java-enterprise-course\course-space\cource-jee\chapter6-aop\target\classes started by baiyuqi in D:\java-enterprise-course\course-space\cource-jee\chapter6-aop)
2021-11-04 09:34:35,192 [main] INFO  [c.h.jec.log.aop.SpringBootDemoLogAopApplication] SpringApplication.java:659 - No active profile set, falling back to default profiles: default
2021-11-04 09:34:36,498 [main] INFO  [o.s.boot.web.embedded.tomcat.TomcatWebServer] TomcatWebServer.java:108 - Tomcat initialized with port(s): 8080 (http)
2021-11-04 09:34:36,510 [main] INFO  [org.apache.catalina.core.StandardService] DirectJDKLog.java:173 - Starting service [Tomcat]
2021-11-04 09:34:36,511 [main] INFO  [org.apache.catalina.core.StandardEngine] DirectJDKLog.java:173 - Starting Servlet engine: [Apache Tomcat/9.0.52]
2021-11-04 09:34:36,633 [main] INFO  [o.a.c.c.ContainerBase.[Tomcat].[localhost].[/demo]] DirectJDKLog.java:173 - Initializing Spring embedded WebApplicationContext
2021-11-04 09:34:36,633 [main] INFO  [o.s.b.w.s.c.ServletWebServerApplicationContext] ServletWebServerApplicationContext.java:290 - Root WebApplicationContext: initialization completed in 1384 ms
2021-11-04 09:34:37,278 [main] INFO  [o.s.boot.web.embedded.tomcat.TomcatWebServer] TomcatWebServer.java:220 - Tomcat started on port(s): 8080 (http) with context path '/demo'
2021-11-04 09:34:37,291 [main] INFO  [c.h.jec.log.aop.SpringBootDemoLogAopApplication] StartupInfoLogger.java:61 - Started SpringBootDemoLogAopApplication in 2.706 seconds (JVM running for 3.319)
2021-11-04 09:37:15,087 [http-nio-8080-exec-2] INFO  [o.a.c.c.ContainerBase.[Tomcat].[localhost].[/demo]] DirectJDKLog.java:173 - Initializing Spring DispatcherServlet 'dispatcherServlet'
2021-11-04 09:37:15,087 [http-nio-8080-exec-2] INFO  [org.springframework.web.servlet.DispatcherServlet] FrameworkServlet.java:525 - Initializing Servlet 'dispatcherServlet'
2021-11-04 09:37:15,089 [http-nio-8080-exec-2] INFO  [org.springframework.web.servlet.DispatcherServlet] FrameworkServlet.java:547 - Completed initialization in 2 ms
2021-11-04 09:38:36,245 [http-nio-8080-exec-2] INFO  [com.hbpvu.jec.log.aop.aspectj.AopLog] AopLog.java:91 - Request Log Info : {"classMethod":"com.hbpvu.jec.log.aop.controller.TestController.test","os":"UNKNOWN","ip":"0:0:0:0:0:0:0:1","requestParams":{"who":"mmmmm"},"userAgent":"PostmanRuntime/7.25.0","httpMethod":"GET","threadName":"http-nio-8080-exec-2","url":"http://localhost:8080/demo/test","threadId":"29","result":{"who":"mmmmm"},"browser":"UNKNOWN","timeCost":38836}
