[2021-09-10 06:02:24 CST] INFO [Service Name -> SpringAppName_IS_UNDEFINED], [TraceId -> ], [SpanId -> ] 
      <background-preinit> org.hibernate.validator.internal.util.Version : HV000001: Hibernate Validator 6.2.0.Final
[2021-09-10 06:02:24 CST] INFO [Service Name -> SpringAppName_IS_UNDEFINED], [TraceId -> ], [SpanId -> ] 
      <main> com.devd.spring.bookstore.BookstoreApplication : Starting BookstoreApplication using Java 16.0.2 on LAPTOP-5HBODS5U with PID 21752 (D:\bookstore\course\bookstore\target\classes started by baiyuqi in D:\bookstore\course\bookstore)
[2021-09-10 06:02:24 CST] DEBUG [Service Name -> SpringAppName_IS_UNDEFINED], [TraceId -> ], [SpanId -> ] 
      <main> com.devd.spring.bookstore.BookstoreApplication : Running with Spring Boot v2.5.4, Spring v5.3.9
[2021-09-10 06:02:24 CST] INFO [Service Name -> SpringAppName_IS_UNDEFINED], [TraceId -> ], [SpanId -> ] 
      <main> com.devd.spring.bookstore.BookstoreApplication : The following profiles are active: local
[2021-09-10 06:02:24 CST] WARN [Service Name -> SpringAppName_IS_UNDEFINED], [TraceId -> ], [SpanId -> ] 
      <main> org.springframework.boot.context.config.ConfigDataEnvironment : Property 'spring.profiles' imported from location 'class path resource [application.yml]' is invalid and should be replaced with 'spring.config.activate.on-profile' [origin: class path resource [application.yml] - 97:13]
[2021-09-10 06:02:24 CST] WARN [Service Name -> SpringAppName_IS_UNDEFINED], [TraceId -> ], [SpanId -> ] 
      <main> org.springframework.boot.context.config.ConfigDataEnvironment : Property 'spring.profiles' imported from location 'class path resource [application.yml]' is invalid and should be replaced with 'spring.config.activate.on-profile' [origin: class path resource [application.yml] - 73:13]
[2021-09-10 06:02:24 CST] WARN [Service Name -> SpringAppName_IS_UNDEFINED], [TraceId -> ], [SpanId -> ] 
      <main> org.springframework.boot.context.config.ConfigDataEnvironment : Property 'spring.profiles' imported from location 'class path resource [application.yml]' is invalid and should be replaced with 'spring.config.activate.on-profile' [origin: class path resource [application.yml] - 44:13]
[2021-09-10 06:02:26 CST] INFO [Service Name -> SpringAppName_IS_UNDEFINED], [TraceId -> ], [SpanId -> ] 
      <main> org.springframework.data.repository.config.RepositoryConfigurationDelegate : Bootstrapping Spring Data JPA repositories in DEFAULT mode.
[2021-09-10 06:02:26 CST] INFO [Service Name -> SpringAppName_IS_UNDEFINED], [TraceId -> ], [SpanId -> ] 
      <main> org.springframework.data.repository.config.RepositoryConfigurationDelegate : Finished Spring Data repository scanning in 117 ms. Found 14 JPA repository interfaces.
[2021-09-10 06:02:26 CST] INFO [Service Name -> SpringAppName_IS_UNDEFINED], [TraceId -> ], [SpanId -> ] 
      <main> org.springframework.context.support.PostProcessorRegistrationDelegate$BeanPostProcessorChecker : Bean 'org.springframework.security.access.expression.method.DefaultMethodSecurityExpressionHandler@1216eb3f' of type [org.springframework.security.access.expression.method.DefaultMethodSecurityExpressionHandler] is not eligible for getting processed by all BeanPostProcessors (for example: not eligible for auto-proxying)
[2021-09-10 06:02:26 CST] INFO [Service Name -> SpringAppName_IS_UNDEFINED], [TraceId -> ], [SpanId -> ] 
      <main> org.springframework.context.support.PostProcessorRegistrationDelegate$BeanPostProcessorChecker : Bean 'methodSecurityMetadataSource' of type [org.springframework.security.access.method.DelegatingMethodSecurityMetadataSource] is not eligible for getting processed by all BeanPostProcessors (for example: not eligible for auto-proxying)
[2021-09-10 06:02:27 CST] INFO [Service Name -> SpringAppName_IS_UNDEFINED], [TraceId -> ], [SpanId -> ] 
      <main> org.springframework.boot.web.embedded.tomcat.TomcatWebServer : Tomcat initialized with port(s): 8765 (http)
[2021-09-10 06:02:27 CST] INFO [Service Name -> SpringAppName_IS_UNDEFINED], [TraceId -> ], [SpanId -> ] 
      <main> org.apache.coyote.http11.Http11NioProtocol : Initializing ProtocolHandler ["http-nio-8765"]
[2021-09-10 06:02:27 CST] INFO [Service Name -> SpringAppName_IS_UNDEFINED], [TraceId -> ], [SpanId -> ] 
      <main> org.apache.catalina.core.StandardService : Starting service [Tomcat]
[2021-09-10 06:02:27 CST] INFO [Service Name -> SpringAppName_IS_UNDEFINED], [TraceId -> ], [SpanId -> ] 
      <main> org.apache.catalina.core.StandardEngine : Starting Servlet engine: [Apache Tomcat/9.0.52]
[2021-09-10 06:02:27 CST] INFO [Service Name -> SpringAppName_IS_UNDEFINED], [TraceId -> ], [SpanId -> ] 
      <main> org.apache.catalina.core.ContainerBase.[Tomcat].[localhost].[/] : Initializing Spring embedded WebApplicationContext
[2021-09-10 06:02:27 CST] INFO [Service Name -> SpringAppName_IS_UNDEFINED], [TraceId -> ], [SpanId -> ] 
      <main> org.springframework.boot.web.servlet.context.ServletWebServerApplicationContext : Root WebApplicationContext: initialization completed in 2503 ms
[2021-09-10 06:02:27 CST] INFO [Service Name -> SpringAppName_IS_UNDEFINED], [TraceId -> ], [SpanId -> ] 
      <main> com.zaxxer.hikari.HikariDataSource : HikariPool-1 - Starting...
[2021-09-10 06:02:27 CST] INFO [Service Name -> SpringAppName_IS_UNDEFINED], [TraceId -> ], [SpanId -> ] 
      <main> com.zaxxer.hikari.HikariDataSource : HikariPool-1 - Start completed.
[2021-09-10 06:02:27 CST] INFO [Service Name -> SpringAppName_IS_UNDEFINED], [TraceId -> ], [SpanId -> ] 
      <main> org.springframework.boot.autoconfigure.h2.H2ConsoleAutoConfiguration : H2 console available at '/h2-console'. Database available at 'jdbc:h2:mem:bookstore_db'
[2021-09-10 06:02:27 CST] INFO [Service Name -> SpringAppName_IS_UNDEFINED], [TraceId -> ], [SpanId -> ] 
      <main> org.flywaydb.core.internal.license.VersionPrinter : Flyway Community Edition 5.2.4 by Boxfuse
[2021-09-10 06:02:27 CST] INFO [Service Name -> SpringAppName_IS_UNDEFINED], [TraceId -> ], [SpanId -> ] 
      <main> org.flywaydb.core.internal.database.DatabaseFactory : Database: jdbc:h2:mem:bookstore_db (H2 1.4)
[2021-09-10 06:02:27 CST] INFO [Service Name -> SpringAppName_IS_UNDEFINED], [TraceId -> ], [SpanId -> ] 
      <main> org.flywaydb.core.internal.command.DbValidate : Successfully validated 9 migrations (execution time 00:00.041s)
[2021-09-10 06:02:27 CST] INFO [Service Name -> SpringAppName_IS_UNDEFINED], [TraceId -> ], [SpanId -> ] 
      <main> org.flywaydb.core.internal.schemahistory.JdbcTableSchemaHistory : Creating Schema History table: "PUBLIC"."account_service_flyway_history"
[2021-09-10 06:02:27 CST] INFO [Service Name -> SpringAppName_IS_UNDEFINED], [TraceId -> ], [SpanId -> ] 
      <main> org.flywaydb.core.internal.command.DbMigrate : Current version of schema "PUBLIC": << Empty Schema >>
[2021-09-10 06:02:27 CST] INFO [Service Name -> SpringAppName_IS_UNDEFINED], [TraceId -> ], [SpanId -> ] 
      <main> org.flywaydb.core.internal.command.DbMigrate : Migrating schema "PUBLIC" to version 1 - account service schema
[2021-09-10 06:02:27 CST] INFO [Service Name -> SpringAppName_IS_UNDEFINED], [TraceId -> ], [SpanId -> ] 
      <main> org.flywaydb.core.internal.command.DbMigrate : Migrating schema "PUBLIC" to version 2 - billing service schema
[2021-09-10 06:02:27 CST] INFO [Service Name -> SpringAppName_IS_UNDEFINED], [TraceId -> ], [SpanId -> ] 
      <main> org.flywaydb.core.internal.command.DbMigrate : Migrating schema "PUBLIC" to version 3 - catalog service schema
[2021-09-10 06:02:27 CST] INFO [Service Name -> SpringAppName_IS_UNDEFINED], [TraceId -> ], [SpanId -> ] 
      <main> org.flywaydb.core.internal.command.DbMigrate : Migrating schema "PUBLIC" to version 4 - order service schema
[2021-09-10 06:02:27 CST] INFO [Service Name -> SpringAppName_IS_UNDEFINED], [TraceId -> ], [SpanId -> ] 
      <main> org.flywaydb.core.internal.command.DbMigrate : Migrating schema "PUBLIC" to version 5 - payment-service-schema
[2021-09-10 06:02:27 CST] INFO [Service Name -> SpringAppName_IS_UNDEFINED], [TraceId -> ], [SpanId -> ] 
      <main> org.flywaydb.core.internal.command.DbMigrate : Migrating schema "PUBLIC" to version 6 - account service initial data
[2021-09-10 06:02:28 CST] INFO [Service Name -> SpringAppName_IS_UNDEFINED], [TraceId -> ], [SpanId -> ] 
      <main> org.flywaydb.core.internal.command.DbMigrate : Migrating schema "PUBLIC" to version 7 - billing service initial data
[2021-09-10 06:02:28 CST] INFO [Service Name -> SpringAppName_IS_UNDEFINED], [TraceId -> ], [SpanId -> ] 
      <main> org.flywaydb.core.internal.command.DbMigrate : Migrating schema "PUBLIC" to version 8 - catalog service initial data
[2021-09-10 06:02:28 CST] INFO [Service Name -> SpringAppName_IS_UNDEFINED], [TraceId -> ], [SpanId -> ] 
      <main> org.flywaydb.core.internal.command.DbMigrate : Migrating schema "PUBLIC" to version 9 - order service initial data
[2021-09-10 06:02:28 CST] INFO [Service Name -> SpringAppName_IS_UNDEFINED], [TraceId -> ], [SpanId -> ] 
      <main> org.flywaydb.core.internal.command.DbMigrate : Successfully applied 9 migrations to schema "PUBLIC" (execution time 00:00.173s)
[2021-09-10 06:02:28 CST] INFO [Service Name -> SpringAppName_IS_UNDEFINED], [TraceId -> ], [SpanId -> ] 
      <main> org.hibernate.jpa.internal.util.LogHelper : HHH000204: Processing PersistenceUnitInfo [name: default]
[2021-09-10 06:02:28 CST] INFO [Service Name -> SpringAppName_IS_UNDEFINED], [TraceId -> ], [SpanId -> ] 
      <main> org.hibernate.Version : HHH000412: Hibernate ORM core version 5.4.32.Final
[2021-09-10 06:02:28 CST] INFO [Service Name -> SpringAppName_IS_UNDEFINED], [TraceId -> ], [SpanId -> ] 
      <main> org.hibernate.annotations.common.Version : HCANN000001: Hibernate Commons Annotations {5.1.2.Final}
[2021-09-10 06:02:28 CST] INFO [Service Name -> SpringAppName_IS_UNDEFINED], [TraceId -> ], [SpanId -> ] 
      <main> org.hibernate.dialect.Dialect : HHH000400: Using dialect: org.hibernate.dialect.H2Dialect
[2021-09-10 06:02:29 CST] INFO [Service Name -> SpringAppName_IS_UNDEFINED], [TraceId -> ], [SpanId -> ] 
      <main> org.hibernate.engine.transaction.jta.platform.internal.JtaPlatformInitiator : HHH000490: Using JtaPlatform implementation: [org.hibernate.engine.transaction.jta.platform.internal.NoJtaPlatform]
[2021-09-10 06:02:29 CST] INFO [Service Name -> SpringAppName_IS_UNDEFINED], [TraceId -> ], [SpanId -> ] 
      <main> org.springframework.orm.jpa.LocalContainerEntityManagerFactoryBean : Initialized JPA EntityManagerFactory for persistence unit 'default'
[2021-09-10 06:02:30 CST] INFO [Service Name -> SpringAppName_IS_UNDEFINED], [TraceId -> ], [SpanId -> ] 
      <main> org.springframework.boot.actuate.endpoint.web.EndpointLinksResolver : Exposing 1 endpoint(s) beneath base path '/actuator'
[2021-09-10 06:02:30 CST] INFO [Service Name -> SpringAppName_IS_UNDEFINED], [TraceId -> ], [SpanId -> ] 
      <main> org.springframework.security.web.DefaultSecurityFilterChain : Will secure Ant [pattern='/v2/api-docs'] with []
[2021-09-10 06:02:30 CST] INFO [Service Name -> SpringAppName_IS_UNDEFINED], [TraceId -> ], [SpanId -> ] 
      <main> org.springframework.security.web.DefaultSecurityFilterChain : Will secure Ant [pattern='/configuration/ui'] with []
[2021-09-10 06:02:30 CST] INFO [Service Name -> SpringAppName_IS_UNDEFINED], [TraceId -> ], [SpanId -> ] 
      <main> org.springframework.security.web.DefaultSecurityFilterChain : Will secure Ant [pattern='/swagger-resources/**'] with []
[2021-09-10 06:02:30 CST] INFO [Service Name -> SpringAppName_IS_UNDEFINED], [TraceId -> ], [SpanId -> ] 
      <main> org.springframework.security.web.DefaultSecurityFilterChain : Will secure Ant [pattern='/configuration/**'] with []
[2021-09-10 06:02:30 CST] INFO [Service Name -> SpringAppName_IS_UNDEFINED], [TraceId -> ], [SpanId -> ] 
      <main> org.springframework.security.web.DefaultSecurityFilterChain : Will secure Ant [pattern='/swagger-ui.html'] with []
[2021-09-10 06:02:30 CST] INFO [Service Name -> SpringAppName_IS_UNDEFINED], [TraceId -> ], [SpanId -> ] 
      <main> org.springframework.security.web.DefaultSecurityFilterChain : Will secure Ant [pattern='/webjars/**'] with []
[2021-09-10 06:02:31 CST] INFO [Service Name -> SpringAppName_IS_UNDEFINED], [TraceId -> ], [SpanId -> ] 
      <main> org.springframework.security.web.DefaultSecurityFilterChain : Will secure Or [Ant [pattern='/oauth/token'], Ant [pattern='/oauth/token_key'], Ant [pattern='/oauth/check_token']] with [org.springframework.security.web.context.request.async.WebAsyncManagerIntegrationFilter@74a29300, org.springframework.security.web.context.SecurityContextPersistenceFilter@5930a229, org.springframework.security.web.header.HeaderWriterFilter@2778f3d1, org.springframework.security.web.authentication.logout.LogoutFilter@9d10078, org.springframework.security.web.authentication.www.BasicAuthenticationFilter@5eace68f, org.springframework.security.web.savedrequest.RequestCacheAwareFilter@204d101, org.springframework.security.web.servletapi.SecurityContextHolderAwareRequestFilter@5031786b, org.springframework.security.web.authentication.AnonymousAuthenticationFilter@340fd670, org.springframework.security.web.session.SessionManagementFilter@5e16e521, org.springframework.security.web.access.ExceptionTranslationFilter@40a0364a, org.springframework.security.web.access.intercept.FilterSecurityInterceptor@3552eb5b]
[2021-09-10 06:02:31 CST] INFO [Service Name -> SpringAppName_IS_UNDEFINED], [TraceId -> ], [SpanId -> ] 
      <main> org.springframework.security.web.DefaultSecurityFilterChain : Will secure org.springframework.security.oauth2.config.annotation.web.configuration.ResourceServerConfiguration$NotOAuthRequestMatcher@3a516e4d with [org.springframework.security.web.context.request.async.WebAsyncManagerIntegrationFilter@6faa24, org.springframework.security.web.context.SecurityContextPersistenceFilter@745d399a, org.springframework.security.web.header.HeaderWriterFilter@199d1fb7, org.springframework.web.filter.CorsFilter@6fcf3192, org.springframework.security.web.authentication.logout.LogoutFilter@7e822c11, org.springframework.security.oauth2.provider.authentication.OAuth2AuthenticationProcessingFilter@742ce3ad, org.springframework.security.web.savedrequest.RequestCacheAwareFilter@3392d69b, org.springframework.security.web.servletapi.SecurityContextHolderAwareRequestFilter@420307f9, org.springframework.security.web.authentication.AnonymousAuthenticationFilter@40cb19d5, org.springframework.security.web.session.SessionManagementFilter@32b273c1, org.springframework.security.web.access.ExceptionTranslationFilter@7887e1f3, org.springframework.security.web.access.intercept.FilterSecurityInterceptor@7fda0e30]
[2021-09-10 06:02:31 CST] INFO [Service Name -> SpringAppName_IS_UNDEFINED], [TraceId -> ], [SpanId -> ] 
      <main> org.springframework.security.web.DefaultSecurityFilterChain : Will secure any request with [org.springframework.security.web.context.request.async.WebAsyncManagerIntegrationFilter@29db9746, org.springframework.security.web.context.SecurityContextPersistenceFilter@5813046e, org.springframework.security.web.header.HeaderWriterFilter@17f43f4a, org.springframework.web.filter.CorsFilter@17cf5dcc, org.springframework.security.web.authentication.logout.LogoutFilter@5c74025e, org.springframework.security.web.authentication.www.BasicAuthenticationFilter@4467c026, org.springframework.security.web.savedrequest.RequestCacheAwareFilter@6b1e72a4, org.springframework.security.web.servletapi.SecurityContextHolderAwareRequestFilter@5da61ee2, org.springframework.security.web.authentication.AnonymousAuthenticationFilter@6bd5cb99, org.springframework.security.web.session.SessionManagementFilter@143abb21, org.springframework.security.web.access.ExceptionTranslationFilter@3e60b1b]
[2021-09-10 06:02:31 CST] INFO [Service Name -> SpringAppName_IS_UNDEFINED], [TraceId -> ], [SpanId -> ] 
      <main> org.apache.coyote.http11.Http11NioProtocol : Starting ProtocolHandler ["http-nio-8765"]
[2021-09-10 06:02:31 CST] INFO [Service Name -> SpringAppName_IS_UNDEFINED], [TraceId -> ], [SpanId -> ] 
      <main> org.springframework.boot.web.embedded.tomcat.TomcatWebServer : Tomcat started on port(s): 8765 (http) with context path ''
[2021-09-10 06:02:31 CST] INFO [Service Name -> SpringAppName_IS_UNDEFINED], [TraceId -> ], [SpanId -> ] 
      <main> com.devd.spring.bookstore.BookstoreApplication : Started BookstoreApplication in 7.832 seconds (JVM running for 8.332)
[2021-09-10 06:26:23 CST] WARN [Service Name -> SpringAppName_IS_UNDEFINED], [TraceId -> ], [SpanId -> ] 
      <main> org.springframework.boot.context.config.ConfigDataEnvironment : Property 'spring.profiles' imported from location 'class path resource [application.yml]' is invalid and should be replaced with 'spring.config.activate.on-profile' [origin: class path resource [application.yml] - 97:13]
[2021-09-10 06:26:23 CST] WARN [Service Name -> SpringAppName_IS_UNDEFINED], [TraceId -> ], [SpanId -> ] 
      <main> org.springframework.boot.context.config.ConfigDataEnvironment : Property 'spring.profiles' imported from location 'class path resource [application.yml]' is invalid and should be replaced with 'spring.config.activate.on-profile' [origin: class path resource [application.yml] - 73:13]
[2021-09-10 06:26:23 CST] WARN [Service Name -> SpringAppName_IS_UNDEFINED], [TraceId -> ], [SpanId -> ] 
      <main> org.springframework.boot.context.config.ConfigDataEnvironment : Property 'spring.profiles' imported from location 'class path resource [application.yml]' is invalid and should be replaced with 'spring.config.activate.on-profile' [origin: class path resource [application.yml] - 44:13]
[2021-09-10 06:26:23 CST] ERROR [Service Name -> SpringAppName_IS_UNDEFINED], [TraceId -> ], [SpanId -> ] 
      <main> org.springframework.boot.SpringApplication : Application run failed
java.lang.IllegalStateException: java.lang.IllegalStateException: Logback configuration error detected: 
ERROR in ch.qos.logback.core.joran.action.NestedComplexPropertyIA - Could not create component [encoder] of type [net.logstash.logback.encoder.LoggingEventCompositeJsonEncoder] java.lang.ClassNotFoundException: net.logstash.logback.encoder.LoggingEventCompositeJsonEncoder
ERROR in ch.qos.logback.core.joran.spi.Interpreter@33:24 - no applicable action for [providers], current ElementPath  is [[configuration][appender][encoder][providers]]
ERROR in ch.qos.logback.core.joran.spi.Interpreter@34:28 - no applicable action for [timestamp], current ElementPath  is [[configuration][appender][encoder][providers][timestamp]]
ERROR in ch.qos.logback.core.joran.spi.Interpreter@35:31 - no applicable action for [timeZone], current ElementPath  is [[configuration][appender][encoder][providers][timestamp][timeZone]]
ERROR in ch.qos.logback.core.joran.spi.Interpreter@37:26 - no applicable action for [pattern], current ElementPath  is [[configuration][appender][encoder][providers][pattern]]
ERROR in ch.qos.logback.core.joran.spi.Interpreter@38:30 - no applicable action for [pattern], current ElementPath  is [[configuration][appender][encoder][providers][pattern][pattern]]
ERROR in ch.qos.logback.core.rolling.RollingFileAppender[JSONLOG] - No encoder set for the appender named "JSONLOG".
	at org.springframework.boot.context.logging.LoggingApplicationListener.initializeSystem(LoggingApplicationListener.java:328)
	at org.springframework.boot.context.logging.LoggingApplicationListener.initialize(LoggingApplicationListener.java:282)
	at org.springframework.boot.context.logging.LoggingApplicationListener.onApplicationEnvironmentPreparedEvent(LoggingApplicationListener.java:240)
	at org.springframework.boot.context.logging.LoggingApplicationListener.onApplicationEvent(LoggingApplicationListener.java:216)
	at org.springframework.context.event.SimpleApplicationEventMulticaster.doInvokeListener(SimpleApplicationEventMulticaster.java:176)
	at org.springframework.context.event.SimpleApplicationEventMulticaster.invokeListener(SimpleApplicationEventMulticaster.java:169)
	at org.springframework.context.event.SimpleApplicationEventMulticaster.multicastEvent(SimpleApplicationEventMulticaster.java:143)
	at org.springframework.context.event.SimpleApplicationEventMulticaster.multicastEvent(SimpleApplicationEventMulticaster.java:131)
	at org.springframework.boot.context.event.EventPublishingRunListener.environmentPrepared(EventPublishingRunListener.java:82)
	at org.springframework.boot.SpringApplicationRunListeners.lambda$environmentPrepared$2(SpringApplicationRunListeners.java:63)
	at java.base/java.util.ArrayList.forEach(ArrayList.java:1511)
	at org.springframework.boot.SpringApplicationRunListeners.doWithListeners(SpringApplicationRunListeners.java:117)
	at org.springframework.boot.SpringApplicationRunListeners.doWithListeners(SpringApplicationRunListeners.java:111)
	at org.springframework.boot.SpringApplicationRunListeners.environmentPrepared(SpringApplicationRunListeners.java:62)
	at org.springframework.boot.SpringApplication.prepareEnvironment(SpringApplication.java:374)
	at org.springframework.boot.SpringApplication.run(SpringApplication.java:332)
	at org.springframework.boot.SpringApplication.run(SpringApplication.java:1343)
	at org.springframework.boot.SpringApplication.run(SpringApplication.java:1332)
	at com.devd.spring.bookstore.BookstoreApplication.main(BookstoreApplication.java:21)
Caused by: java.lang.IllegalStateException: Logback configuration error detected: 
ERROR in ch.qos.logback.core.joran.action.NestedComplexPropertyIA - Could not create component [encoder] of type [net.logstash.logback.encoder.LoggingEventCompositeJsonEncoder] java.lang.ClassNotFoundException: net.logstash.logback.encoder.LoggingEventCompositeJsonEncoder
ERROR in ch.qos.logback.core.joran.spi.Interpreter@33:24 - no applicable action for [providers], current ElementPath  is [[configuration][appender][encoder][providers]]
ERROR in ch.qos.logback.core.joran.spi.Interpreter@34:28 - no applicable action for [timestamp], current ElementPath  is [[configuration][appender][encoder][providers][timestamp]]
ERROR in ch.qos.logback.core.joran.spi.Interpreter@35:31 - no applicable action for [timeZone], current ElementPath  is [[configuration][appender][encoder][providers][timestamp][timeZone]]
ERROR in ch.qos.logback.core.joran.spi.Interpreter@37:26 - no applicable action for [pattern], current ElementPath  is [[configuration][appender][encoder][providers][pattern]]
ERROR in ch.qos.logback.core.joran.spi.Interpreter@38:30 - no applicable action for [pattern], current ElementPath  is [[configuration][appender][encoder][providers][pattern][pattern]]
ERROR in ch.qos.logback.core.rolling.RollingFileAppender[JSONLOG] - No encoder set for the appender named "JSONLOG".
	at org.springframework.boot.logging.logback.LogbackLoggingSystem.loadConfiguration(LogbackLoggingSystem.java:179)
	at org.springframework.boot.logging.AbstractLoggingSystem.initializeWithConventions(AbstractLoggingSystem.java:80)
	at org.springframework.boot.logging.AbstractLoggingSystem.initialize(AbstractLoggingSystem.java:60)
	at org.springframework.boot.logging.logback.LogbackLoggingSystem.initialize(LogbackLoggingSystem.java:132)
	at org.springframework.boot.context.logging.LoggingApplicationListener.initializeSystem(LoggingApplicationListener.java:313)
	... 18 common frames omitted
